<?xml version="1.0" encoding="UTF-8"?>
<!-- Generated by org.testng.reporters.JUnitReportReporter -->
<testsuite hostname="DESKTOP-GR76LI8" failures="0" tests="2" name="com.bat.SeleniumMavenProjectSecond.Test.LoginTest" time="15.915" errors="0" timestamp="2021-08-18T12:41:29 BDT" skipped="0">
  <testcase classname="com.bat.SeleniumMavenProjectSecond.Test.LoginTest" name="logintest" time="6.216"/>
  <system-out/>
  <testcase classname="com.bat.SeleniumMavenProjectSecond.Test.LoginTest" name="homepagetitleverify" time="9.699"/>
  <system-out/>
</testsuite> <!-- com.bat.SeleniumMavenProjectSecond.Test.LoginTest -->
